Tue 22 Oct 10:38:18 AEST 2019: /home/addie/bin/newpaper -showtemp
Tue 22 Oct 10:40:48 AEST 2019: /home/addie/bin/newpaper -t dissert dawoodiss Dawood Sheniar Cybersecurity architecture methodology
Tue 22 Oct 10:41:06 AEST 2019: /home/addie/bin/newpaper -upd dawoodiss
Tue 22 Oct 10:47:32 AEST 2019: /home/addie/bin/newpaper -upd dawoodiss
Tue 22 Oct 10:54:25 AEST 2019: /home/addie/bin/newpaper -upd dawoodiss
Tue 22 Oct 10:58:37 AEST 2019: /home/addie/bin/newpaper -upd dawoodiss
Wed 23 Oct 15:27:36 AEST 2019: /home/addie/bin/newpaper -upd dawoodiss
Fri  8 Nov 15:23:52 AEST 2019: /home/addie/bin/newpaper -upd dawoodiss
Tue 17 Dec 21:45:59 AEDT 2019: /home/addie/bin/newpaper -t dissert dawoodiss
Tue 17 Dec 20:41:37 AEST 2019: /home/addie/bin/newpaper -upd dawoodiss
Fri 20 Dec 09:55:39 AEST 2019: /home/addie/bin/newpaper -upd dawoodiss
Thu 13 Feb 11:36:31 AEST 2020: /home/addie/bin/newpaper -upd dawoodiss
Thu 13 Feb 11:37:42 AEST 2020: /home/addie/bin/newpaper -upd dawoodiss
Tue 12 May 11:56:34 AEST 2020: /home/addie/bin/newpaper -upd dawoodiss
Thu 08 Apr 2021 14:13:07 AEST: /home/addie/bin/newpaper -upd dawoodiss
Wed 16 Feb 2022 20:47:55 AEST: /home/addie/bin/newpaper -upd dawoodiss
Sun 06 Mar 2022 17:05:24 AEST: /home/addie/bin/newpaper -upd dawoodiss
Sun 10 Apr 2022 16:36:41 AEST: /home/addie/bin/newpaper -upd dawoodiss
Tue 12 Apr 2022 19:30:08 AEST: /home/addie/bin/newpaper -upd dawoodiss
Tue 26 Apr 2022 22:15:49 AEST: /home/addie/bin/newpaper -upd dawoodiss
Wed 04 May 2022 15:01:44 AEST: /home/addie/bin/newpaper -upd dawoodiss
Wed 04 May 2022 21:20:39 AEST: /home/addie/bin/newpaper -upd dawoodiss
Mon 09 May 2022 13:50:50 AEST: /home/addie/bin/newpaper -upd dawoodiss
Wed 11 May 2022 21:13:03 AEST: /home/addie/bin/newpaper -upd dawoodiss
Thu 19 May 2022 21:14:58 AEST: /home/addie/bin/newpaper -upd dawoodiss
Thu 26 May 2022 21:27:43 AEST: /home/addie/bin/newpaper -upd dawoodiss
Wed 01 Jun 2022 19:35:25 AEST: /home/addie/bin/newpaper -upd dawoodiss
Wed 22 Jun 2022 10:19:51 AEST: /home/addie/bin/newpaper -upd dawoodiss
Fri 24 Jun 2022 07:21:23 AEST: /home/addie/bin/newpaper -upd dawoodiss
Sat 25 Jun 2022 12:22:00 AEST: /home/addie/bin/newpaper -upd dawoodiss
Fri 01 Jul 2022 14:43:16 AEST: /home/addie/bin/newpaper -upd dawoodiss
Sun 03 Jul 2022 15:36:56 AEST: /home/addie/bin/newpaper -upd dawoodiss
